<?xml version="1.0" encoding="UTF-8"?>
<!-- Generated by org.testng.reporters.JUnitReportReporter -->
<testsuite skipped="0" hostname="DESKTOP-1MC899G" name="com.training.sanity.tests.MultipleRegistration" tests="4" failures="0" timestamp="08 Mar 2019 12:52:52 GMT" time="70.316" errors="0">
  <testcase name="loginDBTest" time="20.569" classname="com.training.sanity.tests.MultipleRegistration"/>
  <testcase name="loginDBTest" time="15.574" classname="com.training.sanity.tests.MultipleRegistration"/>
  <testcase name="loginDBTest" time="17.039" classname="com.training.sanity.tests.MultipleRegistration"/>
  <testcase name="loginDBTest" time="17.134" classname="com.training.sanity.tests.MultipleRegistration"/>
</testsuite> <!-- com.training.sanity.tests.MultipleRegistration -->
