<?xml version="1.0" encoding="UTF-8"?>
<!-- Generated by org.testng.reporters.JUnitReportReporter -->
<testsuite skipped="0" hostname="DESKTOP-1MC899G" name="com.training.sanity.tests.DatabaseRegistration" tests="1" failures="0" timestamp="08 Mar 2019 12:18:00 GMT" time="22.297" errors="0">
  <testcase name="validLoginTest" time="22.297" classname="com.training.sanity.tests.DatabaseRegistration"/>
</testsuite> <!-- com.training.sanity.tests.DatabaseRegistration -->
