<?xml version="1.0" encoding="UTF-8"?>
<!-- Generated by org.testng.reporters.JUnitReportReporter -->
<testsuite skipped="0" hostname="DESKTOP-1MC899G" name="com.training.sanity.tests.EditProfile" tests="1" failures="0" timestamp="07 Mar 2019 14:45:21 GMT" time="31.132" errors="0">
  <testcase name="validLogin" time="31.132" classname="com.training.sanity.tests.EditProfile"/>
</testsuite> <!-- com.training.sanity.tests.EditProfile -->
